b
l
a
m
e
Tab
Tab
c
r
a
z
y
Tab
Tab
d
r
i
p
Tab
Tab
s
m
i
l
e
Tab
Tab
f
i
x
Tab
Tab
b
e
a
n
Tab
Tab
a
l
l
e
y
Tab
Tab
f
a
t
a
l
Tab
Tab
e
l
e
m
e
n
[0]
t
Tab
Tab
e
r
r
o
r
Tab
Tab
e
i
t
h
e
r
Tab
Tab
b
r
o
t
h
e
r
Shift_L
W
a
h
e
e
d
0
3
3
2
Tab
Shift_L
W
a
h
e
e
d
0
3
3
2
g
i
t
Shift_L
Down
Right
Right
Right
Right
Right
Right
Right
Right
Right
Right
Right
Right
Right
Right
Right
Right
Right
Right
Right
Right
Right
Right
Right
Right
Right
Right
Right
Right
Right
Right
Right
Right
Right
Right
Right
Right
Right
Right
Right
Right
Right
Right
Right
Right
Right
Right
Right
Right
Right
Right
Right
Right
Right
Right
Right
Right
Right
Right
Right
Right
Right
Right
Right
Right
Right
BackSpace
Return
P_Page_Up
P_Up
P_Down
P_Begin
P_Up
P_Insert
P_Page_Up
P_Up
P_Down
P_Up
P_Begin
P_Insert
a
n
g
e
l
Return
Control_L
c
Control_L
c
Control_L
v
Left
Left
BackSpace
d
Down
minus
t
a
s
k
